api/learn/learn.go:93:15: should use fmt.Errorf(...) instead of errors.New(fmt.Sprintf(...)) (S1028)
api/learn/learn.go:114:15: error strings should not be capitalized (ST1005)
api/learn/learn.go:133:15: error strings should not be capitalized (ST1005)
api/learn/learn.go:192:10: error strings should not be capitalized (ST1005)
api/learn/preview.go:43:15: error strings should not be capitalized (ST1005)
api/learn/preview.go:55:16: error strings should not be capitalized (ST1005)
api/learn/preview.go:111:15: error strings should not be capitalized (ST1005)
api/learn/publish.go:80:19: error strings should not be capitalized (ST1005)
api/learn/publish.go:120:19: error strings should not be capitalized (ST1005)
api/learn/publish.go:155:13: error strings should not be capitalized (ST1005)
app/cmd/config.go:471:11: unnecessary assignment to the blank identifier (S1005)
app/cmd/preview.go:460:9: unnecessary assignment to the blank identifier (S1005)
app/cmd/preview.go:476:3: should check returned error before deferring file.Close() (SA5001)
app/cmd/preview_test.go:40:7: const dockerIgnore is unused (U1000)
app/cmd/publish.go:96:4: printf-style function with dynamic format string and no further arguments should use print-style function instead (SA1006)
app/cmd/root.go:54:5: var fileExtWhitelist is unused (U1000)
ignorematcher/ignorematcher.go:85:13: should use strings.Contains(".$", string(ch)) instead (S1003)
mdresourceparser/md_resource_parser.go:26:2: field value is unused (U1000)
mdresourceparser/md_resource_parser.go:27:2: field position is unused (U1000)
mdresourceparser/md_resource_parser.go:119:14: error strings should not be capitalized (ST1005)
mdresourceparser/md_resource_parser.go:128:14: error strings should not be capitalized (ST1005)
mdresourceparser/md_resource_parser.go:143:14: error strings should not be capitalized (ST1005)
mdresourceparser/md_resource_parser.go:158:14: error strings should not be capitalized (ST1005)
